Determining if the Q_WS_WIN exist failed with the following output:
Change Dir: /home/romain/build/trunk/build/CMakeFiles/CMakeTmp

Run Build Command:/usr/bin/make "cmTryCompileExec632585683/fast"
/usr/bin/make -f CMakeFiles/cmTryCompileExec632585683.dir/build.make CMakeFiles/cmTryCompileExec632585683.dir/build
make[1]: entrant dans le répertoire « /media/build/trunk/build/CMakeFiles/CMakeTmp »
/usr/bin/cmake -E cmake_progress_report /home/romain/build/trunk/build/CMakeFiles/CMakeTmp/CMakeFiles 1
Building CXX object CMakeFiles/cmTryCompileExec632585683.dir/CheckSymbolExists.cxx.o
/usr/bin/c++    -fPIC   -I/usr/include/qt4    -o CMakeFiles/cmTryCompileExec632585683.dir/CheckSymbolExists.cxx.o -c /home/romain/build/trunk/build/CMakeFiles/CMakeTmp/CheckSymbolExists.cxx
/home/romain/build/trunk/build/CMakeFiles/CMakeTmp/CheckSymbolExists.cxx: In function ‘int main(int, char**)’:
/home/romain/build/trunk/build/CMakeFiles/CMakeTmp/CheckSymbolExists.cxx:8:19: error: ‘Q_WS_WIN’ was not declared in this scope
make[1]: quittant le répertoire « /media/build/trunk/build/CMakeFiles/CMakeTmp »
make[1]: *** [CMakeFiles/cmTryCompileExec632585683.dir/CheckSymbolExists.cxx.o] Erreur 1
make: *** [cmTryCompileExec632585683/fast] Erreur 2

File /home/romain/build/trunk/build/CMakeFiles/CMakeTmp/CheckSymbolExists.cxx:
/* */
#include <QtCore/qglobal.h>

int main(int argc, char** argv)
{
  (void)argv;
#ifndef Q_WS_WIN
  return ((int*)(&Q_WS_WIN))[argc];
#else
  (void)argc;
  return 0;
#endif
}

Determining if the Q_WS_QWS exist failed with the following output:
Change Dir: /home/romain/build/trunk/build/CMakeFiles/CMakeTmp

Run Build Command:/usr/bin/make "cmTryCompileExec2125967579/fast"
/usr/bin/make -f CMakeFiles/cmTryCompileExec2125967579.dir/build.make CMakeFiles/cmTryCompileExec2125967579.dir/build
make[1]: entrant dans le répertoire « /media/build/trunk/build/CMakeFiles/CMakeTmp »
/usr/bin/cmake -E cmake_progress_report /home/romain/build/trunk/build/CMakeFiles/CMakeTmp/CMakeFiles 1
Building CXX object CMakeFiles/cmTryCompileExec2125967579.dir/CheckSymbolExists.cxx.o
/usr/bin/c++    -fPIC   -I/usr/include/qt4    -o CMakeFiles/cmTryCompileExec2125967579.dir/CheckSymbolExists.cxx.o -c /home/romain/build/trunk/build/CMakeFiles/CMakeTmp/CheckSymbolExists.cxx
/home/romain/build/trunk/build/CMakeFiles/CMakeTmp/CheckSymbolExists.cxx: In function ‘int main(int, char**)’:
/home/romain/build/trunk/build/CMakeFiles/CMakeTmp/CheckSymbolExists.cxx:8:19: error: ‘Q_WS_QWS’ was not declared in this scope
make[1]: quittant le répertoire « /media/build/trunk/build/CMakeFiles/CMakeTmp »
make[1]: *** [CMakeFiles/cmTryCompileExec2125967579.dir/CheckSymbolExists.cxx.o] Erreur 1
make: *** [cmTryCompileExec2125967579/fast] Erreur 2

File /home/romain/build/trunk/build/CMakeFiles/CMakeTmp/CheckSymbolExists.cxx:
/* */
#include <QtCore/qglobal.h>

int main(int argc, char** argv)
{
  (void)argv;
#ifndef Q_WS_QWS
  return ((int*)(&Q_WS_QWS))[argc];
#else
  (void)argc;
  return 0;
#endif
}

Determining if the Q_WS_MAC exist failed with the following output:
Change Dir: /home/romain/build/trunk/build/CMakeFiles/CMakeTmp

Run Build Command:/usr/bin/make "cmTryCompileExec2813874168/fast"
/usr/bin/make -f CMakeFiles/cmTryCompileExec2813874168.dir/build.make CMakeFiles/cmTryCompileExec2813874168.dir/build
make[1]: entrant dans le répertoire « /media/build/trunk/build/CMakeFiles/CMakeTmp »
/usr/bin/cmake -E cmake_progress_report /home/romain/build/trunk/build/CMakeFiles/CMakeTmp/CMakeFiles 1
Building CXX object CMakeFiles/cmTryCompileExec2813874168.dir/CheckSymbolExists.cxx.o
/usr/bin/c++    -fPIC   -I/usr/include/qt4    -o CMakeFiles/cmTryCompileExec2813874168.dir/CheckSymbolExists.cxx.o -c /home/romain/build/trunk/build/CMakeFiles/CMakeTmp/CheckSymbolExists.cxx
/home/romain/build/trunk/build/CMakeFiles/CMakeTmp/CheckSymbolExists.cxx: In function ‘int main(int, char**)’:
/home/romain/build/trunk/build/CMakeFiles/CMakeTmp/CheckSymbolExists.cxx:8:19: error: ‘Q_WS_MAC’ was not declared in this scope
make[1]: quittant le répertoire « /media/build/trunk/build/CMakeFiles/CMakeTmp »
make[1]: *** [CMakeFiles/cmTryCompileExec2813874168.dir/CheckSymbolExists.cxx.o] Erreur 1
make: *** [cmTryCompileExec2813874168/fast] Erreur 2

File /home/romain/build/trunk/build/CMakeFiles/CMakeTmp/CheckSymbolExists.cxx:
/* */
#include <QtCore/qglobal.h>

int main(int argc, char** argv)
{
  (void)argv;
#ifndef Q_WS_MAC
  return ((int*)(&Q_WS_MAC))[argc];
#else
  (void)argc;
  return 0;
#endif
}

